# JRE version: Java(TM) SE Runtime Environment (8.0_121-b13) (build 1.8.0_121-b13)
# Java VM: Java HotSpot(TM) Client VM (25.121-b13 mixed mode, sharing windows-x86 )
Heap:
 def new generation   total 4928K, used 1358K [0x03c00000, 0x04150000, 0x09150000)
  eden space 4416K,  19% used [0x03c00000, 0x03cd3a88, 0x04050000)
  from space 512K, 100% used [0x040d0000, 0x04150000, 0x04150000)
  to   space 512K,   0% used [0x04050000, 0x04050000, 0x040d0000)
 tenured generation   total 10944K, used 3665K [0x09150000, 0x09c00000, 0x13c00000)
   the space 10944K,  33% used [0x09150000, 0x094e4678, 0x094e4800, 0x09c00000)
 Metaspace       used 2000K, capacity 3955K, committed 4032K, reserved 4480K
GC Heap History (6 events):
Event: 0.575 GC heap before
{Heap before GC invocations=0 (full 0):
 def new generation   total 4928K, used 4416K [0x03c00000, 0x04150000, 0x09150000)
  eden space 4416K, 100% used [0x03c00000, 0x04050000, 0x04050000)
  from space 512K,   0% used [0x04050000, 0x04050000, 0x040d0000)
  to   space 512K,   0% used [0x040d0000, 0x040d0000, 0x04150000)
 tenured generation   total 10944K, used 0K [0x09150000, 0x09c00000, 0x13c00000)
   the space 10944K,   0% used [0x09150000, 0x09150000, 0x09150200, 0x09c00000)
 Metaspace       used 794K, capacity 2824K, committed 2880K, reserved 4480K
Event: 0.582 GC heap after
Heap after GC invocations=1 (full 0):
 def new generation   total 4928K, used 512K [0x03c00000, 0x04150000, 0x09150000)
  eden space 4416K,   0% used [0x03c00000, 0x03c00000, 0x04050000)
  from space 512K, 100% used [0x040d0000, 0x04150000, 0x04150000)
  to   space 512K,   0% used [0x04050000, 0x04050000, 0x040d0000)
 tenured generation   total 10944K, used 671K [0x09150000, 0x09c00000, 0x13c00000)
   the space 10944K,   6% used [0x09150000, 0x091f7fc0, 0x091f8000, 0x09c00000)
 Metaspace       used 794K, capacity 2824K, committed 2880K, reserved 4480K
}
Event: 0.840 GC heap before
{Heap before GC invocations=1 (full 0):
 def new generation   total 4928K, used 4928K [0x03c00000, 0x04150000, 0x09150000)
  eden space 4416K, 100% used [0x03c00000, 0x04050000, 0x04050000)
  from space 512K, 100% used [0x040d0000, 0x04150000, 0x04150000)
  to   space 512K,   0% used [0x04050000, 0x04050000, 0x040d0000)
 tenured generation   total 10944K, used 671K [0x09150000, 0x09c00000, 0x13c00000)
   the space 10944K,   6% used [0x09150000, 0x091f7fc0, 0x091f8000, 0x09c00000)
 Metaspace       used 1705K, capacity 3699K, committed 3776K, reserved 4480K
Event: 0.846 GC heap after
Heap after GC invocations=2 (full 0):
 def new generation   total 4928K, used 512K [0x03c00000, 0x04150000, 0x09150000)
  eden space 4416K,   0% used [0x03c00000, 0x03c00000, 0x04050000)
  from space 512K, 100% used [0x04050000, 0x040d0000, 0x040d0000)
  to   space 512K,   0% used [0x040d0000, 0x040d0000, 0x04150000)
 tenured generation   total 10944K, used 1929K [0x09150000, 0x09c00000, 0x13c00000)
   the space 10944K,  17% used [0x09150000, 0x09332528, 0x09332600, 0x09c00000)
 Metaspace       used 1705K, capacity 3699K, committed 3776K, reserved 4480K
}
Event: 1.102 GC heap before
{Heap before GC invocations=2 (full 0):
 def new generation   total 4928K, used 4928K [0x03c00000, 0x04150000, 0x09150000)
  eden space 4416K, 100% used [0x03c00000, 0x04050000, 0x04050000)
  from space 512K, 100% used [0x04050000, 0x040d0000, 0x040d0000)
  to   space 512K,   0% used [0x040d0000, 0x040d0000, 0x04150000)
 tenured generation   total 10944K, used 1929K [0x09150000, 0x09c00000, 0x13c00000)
   the space 10944K,  17% used [0x09150000, 0x09332528, 0x09332600, 0x09c00000)
 Metaspace       used 1915K, capacity 3859K, committed 3904K, reserved 4480K
Event: 1.110 GC heap after
Heap after GC invocations=3 (full 0):
 def new generation   total 4928K, used 512K [0x03c00000, 0x04150000, 0x09150000)
  eden space 4416K,   0% used [0x03c00000, 0x03c00000, 0x04050000)
  from space 512K, 100% used [0x040d0000, 0x04150000, 0x04150000)
  to   space 512K,   0% used [0x04050000, 0x04050000, 0x040d0000)
 tenured generation   total 10944K, used 3665K [0x09150000, 0x09c00000, 0x13c00000)
   the space 10944K,  33% used [0x09150000, 0x094e4678, 0x094e4800, 0x09c00000)
 Metaspace       used 1915K, capacity 3859K, committed 3904K, reserved 4480K
}

